TN:
SF:/home/frank/Documents/andela/ALC/book_a_meal/back/index.js
FN:22,(anonymous_1)
FNF:1
FNH:0
FNDA:0,(anonymous_1)
DA:1,1
DA:2,1
DA:3,1
DA:4,1
DA:5,1
DA:8,1
DA:12,1
DA:13,1
DA:16,1
DA:17,1
DA:19,1
DA:21,1
DA:22,0
DA:23,0
DA:27,1
LF:15
LH:13
BRDA:21,0,0,0
BRDA:21,0,1,1
BRF:2
BRH:1
end_of_record
TN:
SF:/home/frank/Documents/andela/ALC/book_a_meal/back/controller/MealController.js
FNF:0
FNH:0
DA:1,1
DA:5,1
DA:9,2
DA:10,2
DA:12,2
DA:14,2
DA:15,1
DA:17,2
DA:21,1
DA:22,1
DA:26,1
DA:27,1
LF:12
LH:12
BRDA:14,0,0,1
BRDA:14,0,1,1
BRF:2
BRH:2
end_of_record
TN:
SF:/home/frank/Documents/andela/ALC/book_a_meal/back/controller/MenuController.js
FNF:0
FNH:0
DA:1,1
DA:5,1
DA:6,1
DA:10,1
DA:11,1
DA:15,1
DA:16,1
LF:7
LH:7
BRF:0
BRH:0
end_of_record
TN:
SF:/home/frank/Documents/andela/ALC/book_a_meal/back/controller/OrderController.js
FNF:0
FNH:0
DA:1,1
DA:5,1
DA:9,2
DA:10,2
DA:12,2
DA:14,2
DA:15,1
DA:17,2
DA:21,1
DA:22,1
DA:26,1
DA:27,1
LF:12
LH:12
BRDA:14,0,0,1
BRDA:14,0,1,1
BRF:2
BRH:2
end_of_record
TN:
SF:/home/frank/Documents/andela/ALC/book_a_meal/back/models/Meal.js
FNF:0
FNH:0
DA:2,28
DA:3,28
DA:4,28
DA:5,28
DA:6,28
DA:7,28
LF:6
LH:6
BRF:0
BRH:0
end_of_record
TN:
SF:/home/frank/Documents/andela/ALC/book_a_meal/back/models/Menu.js
FNF:0
FNH:0
DA:2,4
DA:3,4
DA:4,4
DA:5,4
DA:6,4
DA:7,4
DA:8,4
LF:7
LH:7
BRF:0
BRH:0
end_of_record
TN:
SF:/home/frank/Documents/andela/ALC/book_a_meal/back/models/Order.js
FNF:0
FNH:0
DA:2,4
DA:3,4
DA:4,4
DA:5,4
DA:6,4
DA:7,4
DA:8,4
DA:9,4
LF:8
LH:8
BRF:0
BRH:0
end_of_record
TN:
SF:/home/frank/Documents/andela/ALC/book_a_meal/back/routes/api.js
FNF:0
FNH:0
DA:1,1
DA:2,1
DA:3,1
DA:4,1
DA:6,1
DA:11,1
DA:12,1
DA:13,1
DA:14,1
DA:18,1
DA:19,1
DA:20,1
DA:24,1
DA:25,1
DA:26,1
DA:27,1
DA:29,1
LF:17
LH:17
BRF:0
BRH:0
end_of_record
TN:
SF:/home/frank/Documents/andela/ALC/book_a_meal/back/services/MealsServices.js
FN:8,(anonymous_11)
FN:51,(anonymous_17)
FNF:2
FNH:2
FNDA:27,(anonymous_11)
FNDA:4,(anonymous_17)
DA:1,1
DA:2,1
DA:8,6
DA:9,27
DA:10,27
DA:11,27
DA:12,27
DA:13,27
DA:14,27
DA:15,27
DA:18,6
DA:22,4
DA:27,2
DA:31,2
DA:32,2
DA:33,2
DA:34,1
DA:35,1
DA:37,1
DA:41,1
DA:42,1
DA:43,1
DA:44,1
DA:45,1
DA:46,1
DA:50,1
DA:51,1
DA:52,4
DA:53,4
LF:29
LH:29
BRDA:33,0,0,1
BRDA:33,0,1,1
BRF:2
BRH:2
end_of_record
TN:
SF:/home/frank/Documents/andela/ALC/book_a_meal/back/services/MenusServices.js
FN:11,(anonymous_11)
FN:22,(anonymous_12)
FN:27,(anonymous_14)
FN:60,(anonymous_19)
FNF:4
FNH:4
FNDA:3,(anonymous_11)
FNDA:3,(anonymous_12)
FNDA:6,(anonymous_14)
FNDA:3,(anonymous_19)
DA:1,1
DA:2,1
DA:3,1
DA:6,1
DA:9,1
DA:11,1
DA:12,3
DA:13,3
DA:14,3
DA:15,3
DA:16,3
DA:17,3
DA:18,3
DA:19,3
DA:22,3
DA:26,3
DA:27,6
DA:28,3
DA:32,1
DA:33,1
DA:35,1
DA:36,1
DA:38,1
DA:40,1
DA:42,1
DA:46,1
DA:50,1
DA:51,1
DA:52,1
DA:53,1
DA:54,1
DA:55,1
DA:59,1
DA:60,1
DA:61,3
DA:62,3
LF:36
LH:36
BRDA:6,0,0,0
BRDA:6,0,1,1
BRDA:6,1,0,1
BRDA:6,1,1,1
BRDA:36,2,0,1
BRDA:36,2,1,0
BRF:6
BRH:4
end_of_record
TN:
SF:/home/frank/Documents/andela/ALC/book_a_meal/back/services/OrdersServices.js
FN:8,(anonymous_11)
FN:43,(anonymous_16)
FN:44,(anonymous_17)
FN:63,(anonymous_20)
FNF:4
FNH:4
FNDA:3,(anonymous_11)
FNDA:9,(anonymous_16)
FNDA:10,(anonymous_17)
FNDA:1,(anonymous_20)
DA:1,1
DA:2,1
DA:3,1
DA:6,3
DA:8,3
DA:9,3
DA:10,3
DA:11,3
DA:12,3
DA:13,3
DA:14,3
DA:15,3
DA:16,3
DA:17,3
DA:20,3
DA:24,1
DA:29,2
DA:33,2
DA:34,2
DA:35,2
DA:36,1
DA:37,1
DA:39,1
DA:43,9
DA:44,10
DA:45,4
DA:48,3
DA:49,1
DA:50,1
DA:51,1
DA:52,1
DA:53,1
DA:54,1
DA:56,1
DA:58,1
DA:62,1
DA:63,1
DA:64,1
DA:65,1
LF:39
LH:39
BRDA:35,0,0,1
BRDA:35,0,1,1
BRF:2
BRH:2
end_of_record
TN:
SF:/home/frank/Documents/andela/ALC/book_a_meal/back/utils/DummyData.js
FNF:0
FNH:0
DA:1,1
LF:1
LH:1
BRF:0
BRH:0
end_of_record
